{
  "RSpec": {
    "coverage": {
      "/home/nik/Projects/ebay-classifieds-api/lib/ebay-classifieds-api.rb": [
        1,
        null
      ],
      "/home/nik/Projects/ebay-classifieds-api/lib/ebay_classifieds.rb": [
        1,
        1,
        1,
        1,
        null,
        1,
        3,
        null,
        1,
        2,
        null,
        1,
        3,
        null,
        1,
        3,
        null,
        1,
        3,
        null,
        1,
        3,
        null,
        null,
        null
      ],
      "/home/nik/Projects/ebay-classifieds-api/spec/support/load_credentials.rb": [
        1,
        1,
        0,
        null,
        1,
        1,
        1
      ],
      "/home/nik/Projects/ebay-classifieds-api/lib/ebay_classifieds/ads.rb": [
        1,
        1,
        1,
        1,
        0,
        null,
        1,
        2,
        null,
        null,
        1,
        2,
        2,
        null,
        1,
        1,
        1,
        null,
        null
      ],
      "/home/nik/Projects/ebay-classifieds-api/lib/ebay_classifieds/api_connector.rb": [
        1,
        1,
        1,
        1,
        1,
        null
      ],
      "/home/nik/Projects/ebay-classifieds-api/spec/ebay_classifieds_spec.rb": [
        1,
        null,
        1,
        1,
        1,
        1,
        1,
        null,
        1,
        1,
        1,
        1,
        null,
        1,
        1,
        1,
        null,
        1,
        null,
        1,
        1,
        null,
        1,
        1,
        null,
        null
      ]
    },
    "timestamp": 1327966254
  }
}
