{
  "RSpec": {
    "coverage": {
      "/home/nik/Projects/ebay-classifieds/lib/ebay_classifieds.rb": [
        1,
        1,
        1,
        1,
        1,
        1,
        1,
        1,
        1,
        null
      ],
      "/home/nik/Projects/ebay-classifieds/lib/ebay_classifieds/ebay_classifieds.rb": [
        1,
        1,
        1,
        1,
        null,
        1,
        14,
        null,
        1,
        2,
        null,
        1,
        3,
        null,
        1,
        2,
        null,
        1,
        3,
        null,
        1,
        2,
        null,
        null,
        null
      ],
      "/home/nik/Projects/ebay-classifieds/lib/ebay_classifieds/api_connection.rb": [
        1,
        1,
        1,
        1,
        1,
        null
      ],
      "/home/nik/Projects/ebay-classifieds/lib/ebay_classifieds/paginated_collection.rb": [
        1,
        1,
        1,
        1,
        1,
        4,
        4,
        4,
        4,
        null,
        1,
        102,
        null,
        1,
        0,
        0,
        null,
        null,
        null
      ],
      "/home/nik/Projects/ebay-classifieds/lib/ebay_classifieds/resource.rb": [
        1,
        1,
        1,
        1,
        null,
        null,
        1,
        null,
        1,
        15,
        1,
        null,
        1,
        3,
        3,
        null,
        1,
        1,
        4,
        null,
        1,
        7,
        null,
        null,
        null,
        null
      ],
      "/home/nik/Projects/ebay-classifieds/lib/ebay_classifieds/resources/ad.rb": [
        1,
        1,
        null,
        1,
        1,
        1,
        null,
        1,
        0,
        null,
        1,
        0,
        null,
        null,
        1,
        4,
        4,
        null,
        4,
        null,
        200,
        null,
        null,
        null,
        4,
        null,
        null,
        1,
        204,
        null,
        null,
        null,
        null,
        204,
        204,
        null,
        null,
        204,
        148,
        null,
        204,
        null,
        null,
        204,
        121,
        121,
        452,
        null,
        45,
        null,
        null,
        204,
        null,
        null,
        null,
        null
      ],
      "/home/nik/Projects/ebay-classifieds/lib/ebay_classifieds/resources/category.rb": [
        1,
        1,
        1,
        1,
        204,
        null,
        null,
        null,
        null
      ],
      "/home/nik/Projects/ebay-classifieds/lib/ebay_classifieds/resources/picture.rb": [
        1,
        1,
        1,
        1,
        null,
        421,
        421,
        null,
        2520,
        2520,
        2520,
        2520,
        2940,
        null,
        null,
        null,
        null,
        null,
        null,
        null,
        null,
        null,
        null,
        null,
        null,
        null,
        null,
        null,
        null,
        null,
        null,
        null,
        null,
        null,
        null,
        null,
        null,
        null,
        null,
        null,
        null,
        null,
        null,
        null,
        null,
        null,
        null,
        null,
        null
      ],
      "/home/nik/Projects/ebay-classifieds/lib/ebay_classifieds/resources/ad_address.rb": [
        1,
        1,
        1,
        1,
        null,
        1,
        204,
        null,
        null,
        null,
        null
      ],
      "/home/nik/Projects/ebay-classifieds/lib/ebay_classifieds/resources/ad_attributes.rb": [
        1,
        1,
        1,
        1,
        1,
        1,
        0,
        0,
        0,
        null,
        null,
        null,
        1,
        0,
        null,
        null,
        1,
        0,
        0,
        0,
        0,
        null,
        0,
        null,
        null,
        null,
        null,
        null
      ],
      "/home/nik/Projects/ebay-classifieds/lib/ebay_classifieds/resources/ad_attribute.rb": [
        1,
        1,
        1,
        1,
        null,
        null,
        null,
        null
      ],
      "/home/nik/Projects/ebay-classifieds/spec/support/testing.rb": [
        1,
        1,
        1,
        22,
        null,
        1,
        11,
        11,
        11,
        11,
        null,
        null,
        null,
        1,
        1,
        1,
        11,
        null,
        11,
        null,
        null,
        null,
        null,
        1,
        null,
        null,
        11,
        null,
        1,
        8,
        null,
        1,
        0,
        0,
        null,
        null,
        null,
        null
      ],
      "/home/nik/Projects/ebay-classifieds/spec/api_connection_spec.rb": [
        1,
        null,
        1,
        null,
        null,
        null,
        1,
        1,
        1,
        4,
        4,
        4,
        null,
        null,
        4,
        null,
        1,
        1,
        1,
        null,
        1,
        null,
        null,
        1,
        null,
        null,
        null,
        2,
        2,
        2,
        null,
        null,
        null,
        null
      ],
      "/home/nik/Projects/ebay-classifieds/spec/resources/ad_spec.rb": [
        1,
        null,
        1,
        1,
        1,
        1,
        1,
        null,
        2,
        null,
        1,
        1,
        null,
        null,
        null,
        1,
        1,
        1,
        4,
        4,
        null,
        4,
        null,
        null,
        null,
        null,
        5,
        null,
        1,
        1,
        null,
        1,
        null,
        1,
        null,
        1,
        null,
        null,
        null,
        3,
        null,
        2,
        2,
        null,
        1,
        51,
        null,
        null,
        null,
        1,
        1,
        1,
        3,
        3,
        3,
        null,
        null,
        null,
        null,
        4,
        1,
        1,
        1,
        1,
        null,
        1,
        null,
        null,
        2,
        2,
        null,
        null,
        null,
        null
      ]
    },
    "timestamp": 1328330827
  }
}
